c:\users\ricardo\documents\github\swagbot\software\host\swagbot\debug\vc120.pdb
c:\users\ricardo\documents\github\swagbot\software\host\swagbot\debug\.netframework,version=v4.5.1.assemblyattributes.obj
c:\users\ricardo\documents\github\swagbot\software\host\swagbot\debug\myform.obj
c:\users\ricardo\documents\github\swagbot\software\host\debug\swagbot.exe
c:\users\ricardo\documents\github\swagbot\software\host\debug\swagbot.pdb
c:\users\ricardo\documents\github\swagbot\software\host\swagbot\debug\swagbot.myform.resources
d:\github\swagbot\software\host\swagbot\debug\swagbot.myform.resources
d:\github\swagbot\software\host\swagbot\debug\swagbot.vcxproj.generateresource.cache
d:\github\swagbot\software\host\swagbot\debug\swagbot.vcxprojresolveassemblyreference.cache
d:\github\swagbot\software\host\swagbot\debug\.netframework,version=v4.5.1.assemblyattributes.obj
d:\github\swagbot\software\host\swagbot\debug\myform.obj
d:\github\swagbot\software\host\swagbot\debug\vc120.pdb
d:\github\swagbot\software\host\debug\swagbot.pdb
d:\github\swagbot\software\host\debug\swagbot.exe
d:\github\swagbot\software\host\swagbot\debug\swagbot.tlog\cl.command.1.tlog
d:\github\swagbot\software\host\swagbot\debug\swagbot.tlog\cl.read.1.tlog
d:\github\swagbot\software\host\swagbot\debug\swagbot.tlog\cl.write.1.tlog
d:\github\swagbot\software\host\swagbot\debug\swagbot.tlog\link.command.1.tlog
d:\github\swagbot\software\host\swagbot\debug\swagbot.tlog\link.read.1.tlog
d:\github\swagbot\software\host\swagbot\debug\swagbot.tlog\link.write.1.tlog
d:\github\swagbot\software\host\swagbot\debug\swagbot.tlog\metagen.read.1.tlog
d:\github\swagbot\software\host\swagbot\debug\swagbot.tlog\metagen.write.1.tlog
d:\github\swagbot\software\host\swagbot\debug\swagbot.tlog\swagbot.write.1u.tlog
d:\github\swagbot\software\host\swagbot\debug\swagbot.tlog\rsaenh.dll.bi
d:\github\swagbot\software\host\swagbot\debug\swagbot.tlog\tzres.dll.bi
