Build started 22-03-15 11:33:09 PM.
     1>Project "D:\Github\swagbot\software\host\SwagBot\SwagBot.vcxproj" on node 2 (Build target(s)).
     1>ClCompile:
         C:\Program Files (x86)\Microsoft Visual Studio 12.0\VC\bin\CL.exe /c /AI"C:\Program Files (x86)\Reference Assemblies\Microsoft\Framework\.NETFramework\v4.5.1\\" /AI"C:\Program Files (x86)\Windows Kits\8.1\References\CommonConfiguration\Neutral" /AI"C:\Program Files (x86)\Reference Assemblies\Microsoft\Framework\.NETFramework\v4.5.1\Facades\\" /Zi /clr /nologo /W3 /WX- /Od /Oy- /D WIN32 /D _DEBUG /D _UNICODE /D UNICODE /EHa /MDd /GS /fp:precise /Zc:wchar_t /Zc:forScope /Fo"Debug\\" /Fd"Debug\vc120.pdb" /TP /FU"C:\Program Files (x86)\Reference Assemblies\Microsoft\Framework\.NETFramework\v4.5.1\mscorlib.dll" /FU"C:\Program Files (x86)\Reference Assemblies\Microsoft\Framework\.NETFramework\v4.5.1\System.Data.dll" /FU"C:\Program Files (x86)\Reference Assemblies\Microsoft\Framework\.NETFramework\v4.5.1\System.dll" /FU"C:\Program Files (x86)\Reference Assemblies\Microsoft\Framework\.NETFramework\v4.5.1\System.Drawing.dll" /FU"C:\Program Files (x86)\Reference Assemblies\Microsoft\Framework\.NETFramework\v4.5.1\System.Windows.Forms.dll" /FU"C:\Program Files (x86)\Reference Assemblies\Microsoft\Framework\.NETFramework\v4.5.1\System.Xml.dll" /analyze- /errorReport:prompt /clr:nostdlib MyForm.cpp
         MyForm.cpp
     1>d:\github\swagbot\software\host\swagbot\MyForm.h(592): warning C4554: '&' : check operator precedence for possible error; use parentheses to clarify precedence
     1>d:\github\swagbot\software\host\swagbot\MyForm.h(597): warning C4806: '&' : unsafe operation: no value of type 'bool' promoted to type 'int' can equal the given constant
     1>d:\github\swagbot\software\host\swagbot\MyForm.h(597): warning C4554: '&' : check operator precedence for possible error; use parentheses to clarify precedence
     1>d:\github\swagbot\software\host\swagbot\MyForm.h(602): warning C4806: '&' : unsafe operation: no value of type 'bool' promoted to type 'int' can equal the given constant
     1>d:\github\swagbot\software\host\swagbot\MyForm.h(602): warning C4554: '&' : check operator precedence for possible error; use parentheses to clarify precedence
     1>d:\github\swagbot\software\host\swagbot\MyForm.h(607): warning C4806: '&' : unsafe operation: no value of type 'bool' promoted to type 'int' can equal the given constant
     1>d:\github\swagbot\software\host\swagbot\MyForm.h(607): warning C4554: '&' : check operator precedence for possible error; use parentheses to clarify precedence
     1>d:\github\swagbot\software\host\swagbot\MyForm.h(612): warning C4806: '&' : unsafe operation: no value of type 'bool' promoted to type 'int' can equal the given constant
     1>d:\github\swagbot\software\host\swagbot\MyForm.h(612): warning C4554: '&' : check operator precedence for possible error; use parentheses to clarify precedence
     1>d:\github\swagbot\software\host\swagbot\MyForm.h(617): warning C4806: '&' : unsafe operation: no value of type 'bool' promoted to type 'int' can equal the given constant
     1>d:\github\swagbot\software\host\swagbot\MyForm.h(617): warning C4554: '&' : check operator precedence for possible error; use parentheses to clarify precedence
     1>d:\github\swagbot\software\host\swagbot\MyForm.h(622): warning C4806: '&' : unsafe operation: no value of type 'bool' promoted to type 'int' can equal the given constant
     1>d:\github\swagbot\software\host\swagbot\MyForm.h(622): warning C4554: '&' : check operator precedence for possible error; use parentheses to clarify precedence
     1>d:\github\swagbot\software\host\swagbot\MyForm.h(627): warning C4806: '&' : unsafe operation: no value of type 'bool' promoted to type 'int' can equal the given constant
     1>d:\github\swagbot\software\host\swagbot\MyForm.h(627): warning C4554: '&' : check operator precedence for possible error; use parentheses to clarify precedence
     1>d:\github\swagbot\software\host\swagbot\MyForm.h(689): warning C4244: 'argument' : conversion from 'double' to 'int', possible loss of data
     1>d:\github\swagbot\software\host\swagbot\MyForm.h(716): warning C4244: 'initializing' : conversion from 'double' to 'float', possible loss of data
     1>d:\github\swagbot\software\host\swagbot\MyForm.h(717): warning C4244: 'argument' : conversion from 'double' to 'int', possible loss of data
     1>d:\github\swagbot\software\host\swagbot\MyForm.h(718): warning C4244: 'argument' : conversion from 'double' to 'int', possible loss of data
     1>d:\github\swagbot\software\host\swagbot\MyForm.h(733): warning C4244: 'argument' : conversion from 'int' to 'float', possible loss of data
     1>d:\github\swagbot\software\host\swagbot\MyForm.h(735): warning C4244: 'argument' : conversion from 'int' to 'float', possible loss of data
     1>d:\github\swagbot\software\host\swagbot\MyForm.h(736): warning C4244: 'argument' : conversion from 'int' to 'float', possible loss of data
     1>d:\github\swagbot\software\host\swagbot\MyForm.h(737): warning C4244: 'argument' : conversion from 'int' to 'float', possible loss of data
     1>d:\github\swagbot\software\host\swagbot\MyForm.h(738): warning C4244: 'argument' : conversion from 'int' to 'float', possible loss of data
       Link:
         C:\Program Files (x86)\Microsoft Visual Studio 12.0\VC\bin\link.exe /ERRORREPORT:PROMPT /OUT:"D:\Github\swagbot\software\host\Debug\SwagBot.exe" /INCREMENTAL /NOLOGO User32.lib /ASSEMBLYRESOURCE:Debug\SwagBot.MyForm.resources /MANIFEST /MANIFESTUAC:"level='asInvoker' uiAccess='false'" /manifest:embed /DEBUG /PDB:"D:\Github\swagbot\software\host\Debug\SwagBot.pdb" /ASSEMBLYDEBUG /SUBSYSTEM:WINDOWS /TLBID:1 /ENTRY:"Main" /DYNAMICBASE /FIXED:NO /NXCOMPAT /MACHINE:X86 Debug\MyForm.obj
         "Debug\.NETFramework,Version=v4.5.1.AssemblyAttributes.obj"
         SwagBot.vcxproj -> D:\Github\swagbot\software\host\Debug\SwagBot.exe
     1>Done Building Project "D:\Github\swagbot\software\host\SwagBot\SwagBot.vcxproj" (Build target(s)).

Build succeeded.

Time Elapsed 00:00:00.72
